[26-Mar-2018 17:48:54 UTC] PHP Notice:  Undefined variable: dbh in /home/ubuntu/workspace/Project/index.php on line 22
[26-Mar-2018 17:48:54 UTC] PHP Fatal error:  Uncaught Error: Call to a member function prepare() on null in /home/ubuntu/workspace/Project/index.php:22
Stack trace:
#0 {main}
  thrown in /home/ubuntu/workspace/Project/index.php on line 22
[26-Mar-2018 17:49:18 UTC] PHP Notice:  Undefined variable: dbh in /home/ubuntu/workspace/Project/index.php on line 22
[26-Mar-2018 17:49:18 UTC] PHP Fatal error:  Uncaught Error: Call to a member function prepare() on null in /home/ubuntu/workspace/Project/index.php:22
Stack trace:
#0 {main}
  thrown in /home/ubuntu/workspace/Project/index.php on line 22
[26-Mar-2018 17:49:26 UTC] PHP Notice:  Undefined variable: dbh in /home/ubuntu/workspace/Project/index.php on line 22
[26-Mar-2018 17:49:26 UTC] PHP Fatal error:  Uncaught Error: Call to a member function prepare() on null in /home/ubuntu/workspace/Project/index.php:22
Stack trace:
#0 {main}
  thrown in /home/ubuntu/workspace/Project/index.php on line 22
[26-Mar-2018 17:49:31 UTC] PHP Notice:  Undefined variable: dbh in /home/ubuntu/workspace/Project/index.php on line 22
[26-Mar-2018 17:49:31 UTC] PHP Fatal error:  Uncaught Error: Call to a member function prepare() on null in /home/ubuntu/workspace/Project/index.php:22
Stack trace:
#0 {main}
  thrown in /home/ubuntu/workspace/Project/index.php on line 22
[26-Mar-2018 17:49:55 UTC] PHP Notice:  Undefined variable: dbh in /home/ubuntu/workspace/Project/index.php on line 22
[26-Mar-2018 17:49:55 UTC] PHP Fatal error:  Uncaught Error: Call to a member function prepare() on null in /home/ubuntu/workspace/Project/index.php:22
Stack trace:
#0 {main}
  thrown in /home/ubuntu/workspace/Project/index.php on line 22
[26-Mar-2018 17:50:05 UTC] PHP Notice:  Undefined variable: dbh in /home/ubuntu/workspace/Project/index.php on line 22
[26-Mar-2018 17:50:05 UTC] PHP Fatal error:  Uncaught Error: Call to a member function prepare() on null in /home/ubuntu/workspace/Project/index.php:22
Stack trace:
#0 {main}
  thrown in /home/ubuntu/workspace/Project/index.php on line 22
[26-Mar-2018 17:50:52 UTC] PHP Notice:  Undefined variable: dbh in /home/ubuntu/workspace/Project/index.php on line 22
[26-Mar-2018 17:50:52 UTC] PHP Fatal error:  Uncaught Error: Call to a member function prepare() on null in /home/ubuntu/workspace/Project/index.php:22
Stack trace:
#0 {main}
  thrown in /home/ubuntu/workspace/Project/index.php on line 22
[26-Mar-2018 17:50:55 UTC] PHP Notice:  Undefined variable: dbh in /home/ubuntu/workspace/Project/index.php on line 22
[26-Mar-2018 17:50:55 UTC] PHP Fatal error:  Uncaught Error: Call to a member function prepare() on null in /home/ubuntu/workspace/Project/index.php:22
Stack trace:
#0 {main}
  thrown in /home/ubuntu/workspace/Project/index.php on line 22
[26-Mar-2018 17:51:14 UTC] PHP Notice:  Undefined variable: dbh in /home/ubuntu/workspace/Project/index.php on line 22
[26-Mar-2018 17:51:14 UTC] PHP Fatal error:  Uncaught Error: Call to a member function prepare() on null in /home/ubuntu/workspace/Project/index.php:22
Stack trace:
#0 {main}
  thrown in /home/ubuntu/workspace/Project/index.php on line 22
[26-Mar-2018 17:51:18 UTC] PHP Notice:  Undefined variable: dbh in /home/ubuntu/workspace/Project/index.php on line 22
[26-Mar-2018 17:51:18 UTC] PHP Fatal error:  Uncaught Error: Call to a member function prepare() on null in /home/ubuntu/workspace/Project/index.php:22
Stack trace:
#0 {main}
  thrown in /home/ubuntu/workspace/Project/index.php on line 22
[26-Mar-2018 17:51:46 UTC] PHP Notice:  Undefined variable: dbh in /home/ubuntu/workspace/Project/index.php on line 22
[26-Mar-2018 17:51:46 UTC] PHP Fatal error:  Uncaught Error: Call to a member function prepare() on null in /home/ubuntu/workspace/Project/index.php:22
Stack trace:
#0 {main}
  thrown in /home/ubuntu/workspace/Project/index.php on line 22
[26-Mar-2018 17:51:48 UTC] PHP Notice:  Undefined variable: dbh in /home/ubuntu/workspace/Project/index.php on line 22
[26-Mar-2018 17:51:48 UTC] PHP Fatal error:  Uncaught Error: Call to a member function prepare() on null in /home/ubuntu/workspace/Project/index.php:22
Stack trace:
#0 {main}
  thrown in /home/ubuntu/workspace/Project/index.php on line 22
[26-Mar-2018 17:52:42 UTC] PHP Notice:  Undefined variable: dbh in /home/ubuntu/workspace/Project/index.php on line 22
[26-Mar-2018 17:52:42 UTC] PHP Fatal error:  Uncaught Error: Call to a member function prepare() on null in /home/ubuntu/workspace/Project/index.php:22
Stack trace:
#0 {main}
  thrown in /home/ubuntu/workspace/Project/index.php on line 22
[26-Mar-2018 17:52:57 UTC] PHP Notice:  Undefined variable: dbh in /home/ubuntu/workspace/Project/index.php on line 22
[26-Mar-2018 17:52:57 UTC] PHP Fatal error:  Uncaught Error: Call to a member function prepare() on null in /home/ubuntu/workspace/Project/index.php:22
Stack trace:
#0 {main}
  thrown in /home/ubuntu/workspace/Project/index.php on line 22
[26-Mar-2018 17:53:08 UTC] PHP Notice:  Undefined variable: dbh in /home/ubuntu/workspace/Project/index.php on line 22
[26-Mar-2018 17:53:08 UTC] PHP Fatal error:  Uncaught Error: Call to a member function prepare() on null in /home/ubuntu/workspace/Project/index.php:22
Stack trace:
#0 {main}
  thrown in /home/ubuntu/workspace/Project/index.php on line 22
[26-Mar-2018 17:55:43 UTC] PHP Notice:  Array to string conversion in /home/ubuntu/workspace/Project/index.php on line 25
[26-Mar-2018 18:52:03 UTC] PHP Notice:  Undefined index: show in /home/ubuntu/workspace/Project/index.php on line 68
[26-Mar-2018 18:52:49 UTC] PHP Notice:  Undefined index: show in /home/ubuntu/workspace/Project/index.php on line 68
[26-Mar-2018 20:41:32 UTC] PHP Notice:  Undefined index: show in /home/ubuntu/workspace/Project/index.php on line 68
[26-Mar-2018 20:42:41 UTC] PHP Notice:  Undefined index: show in /home/ubuntu/workspace/Project/index.php on line 68
